Arguments: 
  C:\Program Files\nodejs\node.exe C:\Program Files\nodejs\node_modules\yarn\bin\yarn.js install

PATH: 
  C:\Windows\system32;C:\Windows;C:\Windows\System32\Wbem;C:\Windows\System32\WindowsPowerShell\v1.0\;C:\Windows\System32\OpenSSH\;%NVM_HOME%;%NVM_SYMLINK%;C:\Program Files\Git\cmd;C:\Program Files\Docker\Docker\resources\bin;C:\Program Files (x86)\Bitvise SSH Client;C:\Users\Bear\AppData\Local\Microsoft\WindowsApps;C:\Users\Bear\AppData\Local\Programs\Microsoft VS Code\bin;C:\Users\Bear\AppData\Roaming\nvm;C:\Program Files\nodejs;C:\Users\Bear\AppData\Local\Keybase\

Yarn version: 
  1.22.19

Node version: 
  16.13.0

Platform: 
  win32 x64

Trace: 
  Error: https://registry.yarnpkg.com/@fortawesome/free-solid-svg-icons/-/free-solid-svg-icons-6.2.1.tgz: ESOCKETTIMEDOUT
      at ClientRequest.<anonymous> (C:\Users\Bear\AppData\Roaming\nvm\v16.13.0\node_modules\yarn\lib\cli.js:141517:19)
      at Object.onceWrapper (node:events:509:28)
      at ClientRequest.emit (node:events:390:28)
      at TLSSocket.emitRequestTimeout (node:_http_client:763:9)
      at Object.onceWrapper (node:events:509:28)
      at TLSSocket.emit (node:events:402:35)
      at TLSSocket.Socket._onTimeout (node:net:501:8)
      at listOnTimeout (node:internal/timers:557:17)
      at processTimers (node:internal/timers:500:7)

npm manifest: 
  {
    "name": "nft-marketplace",
    "version": "0.1.0",
    "private": true,
    "scripts": {
      "dev": "next dev -p 3000",
      "build": "next build",
      "start": "next start",
      "lint": "next lint",
      "genContractType": "abi-types-generator './public/contracts/NftMarket.json' --output='./types' --name=nftMarketContract --provider=ethers_v5"
    },
    "dependencies": {
      "@ant-design/icons": "^4.7.0",
      "@fortawesome/fontawesome-svg-core": "^6.1.1",
      "@fortawesome/free-regular-svg-icons": "^6.1.1",
      "@fortawesome/free-solid-svg-icons": "^6.1.1",
      "@fortawesome/react-fontawesome": "^0.1.18",
      "@headlessui/react": "^1.5.0",
      "@heroicons/react": "^1.0.6",
      "@metamask/onboarding": "^1.0.1",
      "@metamask/providers": "^8.1.1",
      "@openzeppelin/contracts": "^4.5.0",
      "@tailwindcss/forms": "^0.5.0",
      "@types/styled-components": "^5.1.25",
      "@walletconnect/web3-provider": "^1.7.8",
      "@web3auth/core": "^1.2.0",
      "@web3auth/web3auth": "^1.0.0",
      "antd": "^4.21.0",
      "axios": "^0.26.1",
      "bootstrap": "^5.2.0-beta1",
      "clsx": "^1.2.1",
      "ethereumjs-util": "^7.1.4",
      "ethers": "^5.6.2",
      "form-data": "^4.0.0",
      "formik": "^2.2.9",
      "magic-sdk": "^8.1.1",
      "moralis": "^1.11.0",
      "next": "^12.1.4",
      "next-iron-session": "^4.2.0",
      "react": "18.0.0",
      "react-awesome-reveal": "^3.8.1",
      "react-bootstrap": "^2.4.0",
      "react-cool-onclickoutside": "^1.7.0",
      "react-dom": "18.0.0",
      "react-images-uploading": "^3.1.6",
      "react-moralis": "^1.3.5",
      "react-slick": "^0.29.0",
      "react-socks": "^2.2.0",
      "react-toastify": "^8.2.0",
      "sass": "^1.51.0",
      "styled-components": "^5.3.5",
      "swr": "^1.3.0",
      "use-nft": "^0.12.0",
      "uuid": "^8.3.2",
      "web3-auth": "^1.1.0",
      "yup": "^0.32.11"
    },
    "devDependencies": {
      "@truffle/hdwallet-provider": "^2.0.7",
      "@types/bootstrap": "^5.1.12",
      "@types/node": "17.0.23",
      "@types/react": "17.0.43",
      "@types/react-dom": "17.0.14",
      "@types/react-slick": "^0.23.10",
      "@types/uuid": "^8.3.4",
      "autoprefixer": "^10.4.4",
      "eslint": "8.12.0",
      "eslint-config-next": "12.1.4",
      "ethereum-abi-types-generator": "^1.3.2",
      "postcss": "^8.4.12",
      "tailwindcss": "^3.0.23",
      "typescript": "4.6.3"
    }
  }

yarn manifest: 
  No manifest

Lockfile: 
  No lockfile
